<?xml version="1.0" encoding="UTF-8"?>
<!-- Generated by org.testng.reporters.JUnitReportReporter -->
<testsuite hostname="Koteswararao" failures="0" tests="1" name="parallelexe.B" time="3.531" errors="0" timestamp="2024-07-31T14:07:00 IST" skipped="0">
  <testcase classname="parallelexe.B" name="TC2" time="3.531"/>
</testsuite> <!-- parallelexe.B -->
