<?xml version="1.0" encoding="UTF-8"?>
<!-- Generated by org.testng.reporters.JUnitReportReporter -->
<testsuite hostname="Koteswararao" failures="0" tests="1" name="practiceTestNG.UpdateUserTest" time="1.115" errors="0" timestamp="2024-07-11T18:55:12 IST" skipped="0">
  <testcase classname="practiceTestNG.UpdateUserTest" name="update" time="1.115">
    <system-out>
      <![CDATA[{
    "name": "Arnav",
    "job": "CEO",
    "updatedAt": "2024-07-11T13:25:10.916Z"
}]]>
    </system-out>
  </testcase> <!-- update -->
  <system-out>
    <![CDATA[
{
    "name": "Arnav",
    "job": "CEO",
    "updatedAt": "2024-07-11T13:25:10.916Z"
}
{
    "name": "Arnav",
    "job": "Adviser",
    "updatedAt": "2024-07-11T13:25:11.720Z"
}
{
    "data": {
        "id": 2,
        "email": "janet.weaver@reqres.in",
        "first_name": "Janet",
        "last_name": "Weaver",
        "avatar": "https://reqres.in/img/faces/2-image.jpg"
    },
    "support": {
        "url": "https://reqres.in/#support-heading",
        "text": "To keep ReqRes free, contributions towards server costs are appreciated!"
    }
}
{
    "name": "xyz",
    "job": "software engineer",
    "id": "680",
    "createdAt": "2024-07-11T13:25:12.557Z"
}]]>
  </system-out>
</testsuite> <!-- practiceTestNG.UpdateUserTest -->
