<?xml version="1.0" encoding="UTF-8"?>
<!-- Generated by org.testng.reporters.JUnitReportReporter -->
<testsuite hostname="Koteswararao" failures="0" tests="3" name="Batch.Sample3" time="0.004" errors="0" timestamp="2024-07-31T13:43:17 IST" skipped="0">
  <testcase classname="Batch.Sample3" name="TC9" time="0.002">
    <system-out>
      <![CDATA[TC9]]>
    </system-out>
  </testcase> <!-- TC9 -->
  <testcase classname="Batch.Sample3" name="TC7" time="0.001">
    <system-out>
      <![CDATA[TC7]]>
    </system-out>
  </testcase> <!-- TC7 -->
  <testcase classname="Batch.Sample3" name="TC8" time="0.001">
    <system-out>
      <![CDATA[TC8]]>
    </system-out>
  </testcase> <!-- TC8 -->
  <system-out>
    <![CDATA[TC1
TC2
TC3
TC4
TC5
TC6
TC7
TC8
TC9]]>
  </system-out>
</testsuite> <!-- Batch.Sample3 -->
