<?xml version="1.0" encoding="UTF-8"?>
<!-- Generated by org.testng.reporters.JUnitReportReporter -->
<testsuite hostname="Koteswararao" failures="0" tests="3" name="Batch.Sample1" time="0.011" errors="0" timestamp="2024-07-31T13:43:17 IST" skipped="0">
  <testcase classname="Batch.Sample1" name="TC3" time="0.001">
    <system-out>
      <![CDATA[TC3]]>
    </system-out>
  </testcase> <!-- TC3 -->
  <testcase classname="Batch.Sample1" name="TC2" time="0.001">
    <system-out>
      <![CDATA[TC2]]>
    </system-out>
  </testcase> <!-- TC2 -->
  <testcase classname="Batch.Sample1" name="TC1" time="0.009">
    <system-out>
      <![CDATA[TC1]]>
    </system-out>
  </testcase> <!-- TC1 -->
  <system-out>
    <![CDATA[TC1
TC2
TC3
TC4
TC5
TC6
TC7
TC8
TC9]]>
  </system-out>
</testsuite> <!-- Batch.Sample1 -->
