<?xml version="1.0" encoding="UTF-8"?>
<!-- Generated by org.testng.reporters.JUnitReportReporter -->
<testsuite hostname="Koteswararao" failures="0" tests="3" name="testng_keywords.Priority" time="0.015" errors="0" timestamp="2024-07-30T20:33:30 IST" skipped="1">
  <testcase classname="testng_keywords.Priority" name="TC2" time="0.013">
    <system-out>
      <![CDATA[Hi ge]]>
    </system-out>
  </testcase> <!-- TC2 -->
  <testcase classname="testng_keywords.Priority" name="TC3" time="0.002">
    <system-out>
      <![CDATA[Hi GN]]>
    </system-out>
  </testcase> <!-- TC3 -->
  <testcase classname="testng_keywords.Priority" name="TC1">
    <skipped/>
  </testcase> <!-- TC1 -->
  <system-out>
    <![CDATA[Hi ge
Hi GN]]>
  </system-out>
</testsuite> <!-- testng_keywords.Priority -->
