<?xml version="1.0" encoding="UTF-8"?>
<!-- Generated by org.testng.reporters.JUnitReportReporter -->
<testsuite hostname="Koteswararao" failures="0" tests="10" name="testng_keywords.Demo" time="0.030" errors="0" timestamp="2024-07-30T19:57:35 IST" skipped="0">
  <testcase classname="testng_keywords.Demo" name="tc" time="0.001">
    <system-out>
      <![CDATA[hi]]>
    </system-out>
  </testcase> <!-- tc -->
  <testcase classname="testng_keywords.Demo" name="tc" time="0.003">
    <system-out>
      <![CDATA[hi]]>
    </system-out>
  </testcase> <!-- tc -->
  <testcase classname="testng_keywords.Demo" name="tc" time="0.001">
    <system-out>
      <![CDATA[hi]]>
    </system-out>
  </testcase> <!-- tc -->
  <testcase classname="testng_keywords.Demo" name="tc" time="0.001">
    <system-out>
      <![CDATA[hi]]>
    </system-out>
  </testcase> <!-- tc -->
  <testcase classname="testng_keywords.Demo" name="tc" time="0.001">
    <system-out>
      <![CDATA[hi]]>
    </system-out>
  </testcase> <!-- tc -->
  <testcase classname="testng_keywords.Demo" name="tc" time="0.011">
    <system-out>
      <![CDATA[hi]]>
    </system-out>
  </testcase> <!-- tc -->
  <testcase classname="testng_keywords.Demo" name="tc" time="0.002">
    <system-out>
      <![CDATA[hi]]>
    </system-out>
  </testcase> <!-- tc -->
  <testcase classname="testng_keywords.Demo" name="tc" time="0.003">
    <system-out>
      <![CDATA[hi]]>
    </system-out>
  </testcase> <!-- tc -->
  <testcase classname="testng_keywords.Demo" name="tc" time="0.002">
    <system-out>
      <![CDATA[hi]]>
    </system-out>
  </testcase> <!-- tc -->
  <testcase classname="testng_keywords.Demo" name="tc" time="0.005">
    <system-out>
      <![CDATA[hi]]>
    </system-out>
  </testcase> <!-- tc -->
  <system-out>
    <![CDATA[hi
hi
hi
hi
hi
hi
hi
hi
hi
hi]]>
  </system-out>
</testsuite> <!-- testng_keywords.Demo -->
