<?xml version="1.0" encoding="UTF-8"?>
<!-- Generated by org.testng.reporters.JUnitReportReporter -->
<testsuite hostname="Koteswararao" failures="0" tests="1" name="practice.DeleteTest" time="2.039" errors="0" timestamp="2024-07-10T19:28:20 IST" skipped="0">
  <testcase classname="practice.DeleteTest" name="deleteTest" time="2.039"/>
</testsuite> <!-- practice.DeleteTest -->
