<?xml version="1.0" encoding="UTF-8"?>
<!-- Generated by org.testng.reporters.JUnitReportReporter -->
<testsuite hostname="Koteswararao" failures="0" tests="3" name="Batch.Sample2" time="0.004" errors="0" timestamp="2024-07-31T13:43:17 IST" skipped="0">
  <testcase classname="Batch.Sample2" name="TC5" time="0.002">
    <system-out>
      <![CDATA[TC5]]>
    </system-out>
  </testcase> <!-- TC5 -->
  <testcase classname="Batch.Sample2" name="TC4" time="0.001">
    <system-out>
      <![CDATA[TC4]]>
    </system-out>
  </testcase> <!-- TC4 -->
  <testcase classname="Batch.Sample2" name="TC6" time="0.001">
    <system-out>
      <![CDATA[TC6]]>
    </system-out>
  </testcase> <!-- TC6 -->
  <system-out>
    <![CDATA[TC1
TC2
TC3
TC4
TC5
TC6
TC7
TC8
TC9]]>
  </system-out>
</testsuite> <!-- Batch.Sample2 -->
