<?xml version="1.0" encoding="UTF-8"?>
<!-- Generated by org.testng.reporters.JUnitReportReporter -->
<testsuite hostname="Koteswararao" failures="0" tests="1" name="practice.PatchTest" time="0.423" errors="0" timestamp="2024-07-10T19:28:20 IST" skipped="0">
  <testcase classname="practice.PatchTest" name="patchTest" time="0.423"/>
</testsuite> <!-- practice.PatchTest -->
