<?xml version="1.0" encoding="UTF-8"?>
<!-- Generated by org.testng.reporters.JUnitReportReporter -->
<testsuite hostname="Koteswararao" failures="0" tests="1" name="parallelexe.A" time="11.855" errors="0" timestamp="2024-07-31T14:07:00 IST" skipped="0">
  <testcase classname="parallelexe.A" name="TC1" time="11.855"/>
</testsuite> <!-- parallelexe.A -->
