<?xml version="1.0" encoding="UTF-8"?>
<!-- Generated by org.testng.reporters.JUnitReportReporter -->
<testsuite hostname="Koteswararao" failures="0" tests="1" name="day3.LoginTest" time="0.422" errors="0" timestamp="2024-08-01T19:34:05 IST" skipped="0">
  <testcase classname="day3.LoginTest" name="testLogin" time="0.422"/>
</testsuite> <!-- day3.LoginTest -->
