<?xml version="1.0" encoding="UTF-8"?>
<!-- Generated by org.testng.reporters.JUnitReportReporter -->
<testsuite hostname="Koteswararao" failures="0" tests="1" name="testng_keywords.Annotations_Flow" time="0.008" errors="0" timestamp="2024-07-30T19:30:20 IST" skipped="0">
  <testcase classname="testng_keywords.Annotations_Flow" name="TC" time="0.008">
    <system-out>
      <![CDATA[===Actual TC===]]>
    </system-out>
  </testcase> <!-- TC -->
  <system-out>
    <![CDATA[===Before Suite===
===Before class===
===Before Method===
===Actual TC===
===After Method===
===After class===
===After Suite===]]>
  </system-out>
</testsuite> <!-- testng_keywords.Annotations_Flow -->
