<?xml version="1.0" encoding="UTF-8"?>
<!-- Generated by org.testng.reporters.JUnitReportReporter -->
<testsuite hostname="Koteswararao" failures="0" tests="1" name="testng_keywords.Outs" time="0.014" errors="0" timestamp="2024-07-30T20:12:25 IST" skipped="0">
  <testcase classname="testng_keywords.Outs" name="TC" time="0.014">
    <system-out>
      <![CDATA[Hi frd]]>
    </system-out>
  </testcase> <!-- TC -->
  <system-out>
    <![CDATA[Hi frd]]>
  </system-out>
</testsuite> <!-- testng_keywords.Outs -->
