<?xml version="1.0" encoding="UTF-8"?>
<!-- Generated by org.testng.reporters.JUnitReportReporter -->
<testsuite hostname="Koteswararao" failures="0" tests="2" name="testng_keywords.DependsOnMethods" time="0.009" errors="0" timestamp="2024-07-30T20:46:08 IST" skipped="0">
  <testcase classname="testng_keywords.DependsOnMethods" name="logout" time="0.001">
    <system-out>
      <![CDATA[Running logout]]>
    </system-out>
  </testcase> <!-- logout -->
  <testcase classname="testng_keywords.DependsOnMethods" name="login" time="0.008">
    <system-out>
      <![CDATA[runnig login]]>
    </system-out>
  </testcase> <!-- login -->
  <system-out>
    <![CDATA[runnig login
Running logout]]>
  </system-out>
</testsuite> <!-- testng_keywords.DependsOnMethods -->
