<?xml version="1.0" encoding="UTF-8"?>
<!-- Generated by org.testng.reporters.JUnitReportReporter -->
<testsuite hostname="Koteswararao" failures="0" tests="1" name="practice.UpdateUserTest" time="0.444" errors="0" timestamp="2024-07-10T19:28:20 IST" skipped="0">
  <testcase classname="practice.UpdateUserTest" name="updateTest" time="0.444"/>
</testsuite> <!-- practice.UpdateUserTest -->
